<?xml version="1.0" encoding="UTF-8"?>
<testng-results skipped="0" failed="0" ignored="0" total="1" passed="1">
  <reporter-output>
  </reporter-output>
  <suite name="Default suite" duration-ms="26608" started-at="2019-09-27T08:35:40Z" finished-at="2019-09-27T08:36:06Z">
    <groups>
    </groups>
    <test name="Default test" duration-ms="26608" started-at="2019-09-27T08:35:40Z" finished-at="2019-09-27T08:36:06Z">
      <class name="pune.com.org.MavenProject666.WindowHandle_Demo">
        <test-method status="PASS" signature="beforeTest()[pri:0, instance:pune.com.org.MavenProject666.WindowHandle_Demo@4923ab24]" name="beforeTest" is-config="true" duration-ms="14575" started-at="2019-09-27T08:35:40Z" finished-at="2019-09-27T08:35:54Z">
          <reporter-output>
          </reporter-output>
        </test-method> <!-- beforeTest -->
        <test-method status="PASS" signature="f()[pri:0, instance:pune.com.org.MavenProject666.WindowHandle_Demo@4923ab24]" name="f" duration-ms="11159" started-at="2019-09-27T08:35:54Z" finished-at="2019-09-27T08:36:06Z">
          <reporter-output>
          </reporter-output>
        </test-method> <!-- f -->
        <test-method status="PASS" signature="afterTest()[pri:0, instance:pune.com.org.MavenProject666.WindowHandle_Demo@4923ab24]" name="afterTest" is-config="true" duration-ms="846" started-at="2019-09-27T08:36:06Z" finished-at="2019-09-27T08:36:06Z">
          <reporter-output>
          </reporter-output>
        </test-method> <!-- afterTest -->
      </class> <!-- pune.com.org.MavenProject666.WindowHandle_Demo -->
    </test> <!-- Default test -->
  </suite> <!-- Default suite -->
</testng-results>
